<?xml version="1.0" encoding="UTF-8"?>
<!-- Generated by org.testng.reporters.JUnitReportReporter -->
<testsuite hostname="UmeshPatil-PC" failures="0" tests="1" name="APITesting.api3" time="2.439" errors="0" timestamp="2023-05-30T11:52:58 IST" skipped="0">
  <testcase classname="APITesting.api3" name="apii" time="2.439"/>
  <system-out/>
</testsuite> <!-- APITesting.api3 -->
