<?xml version="1.0" encoding="UTF-8"?>
<!-- Generated by org.testng.reporters.JUnitReportReporter -->
<testsuite hostname="UmeshPatil-PC" failures="0" tests="1" name="APITesting.Api2" time="2.170" errors="0" timestamp="2023-05-30T12:57:54 IST" skipped="0">
  <testcase classname="APITesting.Api2" name="api" time="2.170"/>
  <system-out/>
</testsuite> <!-- APITesting.Api2 -->
